Wrote 3 position symbols for minute fetch to /Users/baibaibaibaibai/git_repo/git_hub/Quantization/config/position_stock_pool.csv
Wrote 1354859 feature rows to /Users/baibaibaibaibai/git_repo/git_hub/Quantization/data/processed/features.csv
Wrote model to /Users/baibaibaibaibai/git_repo/git_hub/Quantization/models/limitup_logistic.json
{
  "rows": 1344286,
  "positive_rate": 0.02254654143537908,
  "accuracy_at_0_5": 0.977453458564621,
  "precision_at_0_5": 0.0,
  "recall_at_0_5": 0.0,
  "top_decile_hit_rate": 0.0365697622519118
}
Sent daily Feishu message
{
  "date": "2026-06-17",
  "initial_cash": 10000.0,
  "cash": 2620.112800000001,
  "equity": 9979.1128,
  "daily_pnl": 0.0,
  "daily_return": 0.0,
  "total_return": -0.002088719999999933,
  "open_positions": 3,
  "opened_positions": 0,
  "closed_trades": 0,
  "phase": "sell-morning",
  "optimized_threshold": 0.001,
  "optimization_total_return": 156.29653649449986,
  "learning_top5_hit_rate": 0.0,
  "learning_actual_limit_up_count": 114,
  "prediction_accuracy_file": "/Users/baibaibaibaibai/git_repo/git_hub/Quantization/data/paper/prediction_accuracy.csv"
}
Wrote 1 position symbols for minute fetch to /Users/baibaibaibaibai/git_repo/git_hub/Quantization/config/position_stock_pool.csv
Wrote 1355108 feature rows to /Users/baibaibaibaibai/git_repo/git_hub/Quantization/data/processed/features.csv
Wrote model to /Users/baibaibaibaibai/git_repo/git_hub/Quantization/models/limitup_logistic.json
{
  "rows": 1349588,
  "positive_rate": 0.022512796497894172,
  "accuracy_at_0_5": 0.9773990284442363,
  "precision_at_0_5": 0.3757828810020877,
  "recall_at_0_5": 0.005924365599183754,
  "top_decile_hit_rate": 0.12208242564353354
}
Sent daily Feishu message
{
  "date": "2026-06-18",
  "initial_cash": 10000.0,
  "cash": 10301.0980824,
  "equity": 10301.0980824,
  "daily_pnl": 48.97383919999993,
  "daily_return": 0.004776945542040534,
  "total_return": 0.03010980823999998,
  "open_positions": 0,
  "opened_positions": 0,
  "closed_trades": 1,
  "phase": "sell-force",
  "optimized_threshold": 0.05,
  "optimization_total_return": 1.7954561879600077,
  "learning_top5_hit_rate": 0.0,
  "learning_actual_limit_up_count": 119,
  "prediction_accuracy_file": "/Users/baibaibaibaibai/git_repo/git_hub/Quantization/data/paper/prediction_accuracy.csv"
}
Wrote 1355606 feature rows to /Users/baibaibaibaibai/git_repo/git_hub/Quantization/data/processed/features_daily_prefilter.csv
Wrote 300 symbols for minute fetch to /Users/baibaibaibaibai/git_repo/git_hub/Quantization/config/minute_stock_pool.csv
Wrote 1355606 feature rows to /Users/baibaibaibaibai/git_repo/git_hub/Quantization/data/processed/features.csv
Wrote model to /Users/baibaibaibaibai/git_repo/git_hub/Quantization/models/limitup_logistic.json
{
  "rows": 1350084,
  "positive_rate": 0.022477860636819634,
  "accuracy_at_0_5": 0.9774332560048116,
  "precision_at_0_5": 0.375,
  "recall_at_0_5": 0.005931393547961908,
  "top_decile_hit_rate": 0.12205202654657502
}
Sent daily Feishu message
{
  "date": "2026-06-17",
  "initial_cash": 10000.0,
  "cash": 10301.0980824,
  "equity": 10301.0980824,
  "daily_pnl": 301.09808239999984,
  "daily_return": 0.030109808239999983,
  "total_return": 0.03010980823999998,
  "open_positions": 0,
  "opened_positions": 3,
  "closed_trades": 0,
  "phase": "buy",
  "skipped": "buy_already_ran",
  "optimized_threshold": 0.05,
  "optimization_total_return": 1.7954561879600077,
  "learning_top5_hit_rate": 0.0,
  "learning_actual_limit_up_count": 119,
  "prediction_accuracy_file": "/Users/baibaibaibaibai/git_repo/git_hub/Quantization/data/paper/prediction_accuracy.csv"
}
Reviewed candidates 2026-06-17 -> 2026-06-18: Top10 hit rate 30.00%
Skipping sell-morning: no minute bars for 2026-06-19 (market closed)
Skipping sell-force: no minute bars for 2026-06-19 (market closed)
Skipping buy: no minute bars for 2026-06-19 (market closed)
Skipping sell-morning: no minute bars for 2026-06-20 (market closed)
Skipping sell-force: no minute bars for 2026-06-20 (market closed)
Skipping buy: no minute bars for 2026-06-20 (market closed)
Skipping sell-morning: no minute bars for 2026-06-21 (market closed)
Skipping sell-force: no minute bars for 2026-06-21 (market closed)
Skipping buy: no minute bars for 2026-06-21 (market closed)
Wrote 3 position symbols for minute fetch to /Users/baibaibaibaibai/git_repo/git_hub/Quantization/config/position_stock_pool.csv
Wrote 1355743 feature rows to /Users/baibaibaibaibai/git_repo/git_hub/Quantization/data/processed/features.csv
Wrote model to /Users/baibaibaibaibai/git_repo/git_hub/Quantization/models/limitup_logistic.json
{
  "rows": 1350221,
  "positive_rate": 0.02251409213750934,
  "accuracy_at_0_5": 0.9774007366201533,
  "precision_at_0_5": 0.37894736842105264,
  "recall_at_0_5": 0.005921247409454258,
  "top_decile_hit_rate": 0.12219490157159574
}
Sent daily Feishu message
{
  "date": "2026-06-22",
  "initial_cash": 10000.0,
  "cash": 10860.289186400001,
  "equity": 10860.289186400001,
  "daily_pnl": 579.9151040000015,
  "daily_return": 0.056409922377515055,
  "total_return": 0.08602891864000006,
  "open_positions": 0,
  "opened_positions": 0,
  "closed_trades": 3,
  "phase": "sell-morning",
  "optimized_threshold": 0.07874476412240657,
  "optimized_max_position_pct": 0.5,
  "optimization_total_return": 2.372845078680008,
  "learning_top5_hit_rate": 0.2,
  "prediction_accuracy_file": "/Users/baibaibaibaibai/git_repo/git_hub/Quantization/data/paper/prediction_accuracy.csv"
}
